Analysis & Synthesis report for DE1_SoC
Fri Jun 05 14:59:39 2026
Quartus Prime Version 17.0.0 Build 595 04/25/2017 SJ Lite Edition


---------------------
; Table of Contents ;
---------------------
  1. Legal Notice
  2. Analysis & Synthesis Summary
  3. Analysis & Synthesis Settings
  4. Parallel Compilation
  5. Analysis & Synthesis Source Files Read
  6. Analysis & Synthesis Resource Usage Summary
  7. Analysis & Synthesis Resource Utilization by Entity
  8. Analysis & Synthesis IP Cores Summary
  9. State Machine - |DE1_SoC|note_input:note_loader_sim|note_input_controller:ni_c|ps
 10. Registers Removed During Synthesis
 11. Removed Registers Triggering Further Register Optimizations
 12. General Register Statistics
 13. Multiplexer Restructuring Statistics (Restructuring Performed)
 14. Source assignments for note_ram120x3:user_notes_RAM|altsyncram:altsyncram_component|altsyncram_tqq1:auto_generated
 15. Parameter Settings for User Entity Instance: Top-level Entity: |DE1_SoC
 16. Parameter Settings for User Entity Instance: n8_driver:driver|serial_driver:driver
 17. Parameter Settings for User Entity Instance: clock_divider_8:c8
 18. Parameter Settings for User Entity Instance: note_input:note_loader_sim|note_input_datapath:ni_d
 19. Parameter Settings for User Entity Instance: note_ram120x3:user_notes_RAM|altsyncram:altsyncram_component
 20. altsyncram Parameter Settings by Entity Instance
 21. Port Connectivity Checks: "note_ram120x3:user_notes_RAM"
 22. Port Connectivity Checks: "note_input:note_loader_sim"
 23. Port Connectivity Checks: "clock_divider_8:c8"
 24. Port Connectivity Checks: "n8_driver:driver|serial_driver:driver"
 25. Port Connectivity Checks: "n8_driver:driver"
 26. Post-Synthesis Netlist Statistics for Top Partition
 27. Elapsed Time Per Partition
 28. Analysis & Synthesis Messages



----------------
; Legal Notice ;
----------------
Copyright (C) 2017  Intel Corporation. All rights reserved.
Your use of Intel Corporation's design tools, logic functions 
and other software and tools, and its AMPP partner logic 
functions, and any output files from any of the foregoing 
(including device programming or simulation files), and any 
associated documentation or information are expressly subject 
to the terms and conditions of the Intel Program License 
Subscription Agreement, the Intel Quartus Prime License Agreement,
the Intel MegaCore Function License Agreement, or other 
applicable license agreement, including, without limitation, 
that your use is for the sole purpose of programming logic 
devices manufactured by Intel and sold by Intel or its 
authorized distributors.  Please refer to the applicable 
agreement for further details.



+-------------------------------------------------------------------------------+
; Analysis & Synthesis Summary                                                  ;
+---------------------------------+---------------------------------------------+
; Analysis & Synthesis Status     ; Successful - Fri Jun 05 14:59:39 2026       ;
; Quartus Prime Version           ; 17.0.0 Build 595 04/25/2017 SJ Lite Edition ;
; Revision Name                   ; DE1_SoC                                     ;
; Top-level Entity Name           ; DE1_SoC                                     ;
; Family                          ; Cyclone V                                   ;
; Logic utilization (in ALMs)     ; N/A                                         ;
; Total registers                 ; 24                                          ;
; Total pins                      ; 106                                         ;
; Total virtual pins              ; 0                                           ;
; Total block memory bits         ; 0                                           ;
; Total DSP Blocks                ; 0                                           ;
; Total HSSI RX PCSs              ; 0                                           ;
; Total HSSI PMA RX Deserializers ; 0                                           ;
; Total HSSI TX PCSs              ; 0                                           ;
; Total HSSI PMA TX Serializers   ; 0                                           ;
; Total PLLs                      ; 0                                           ;
; Total DLLs                      ; 0                                           ;
+---------------------------------+---------------------------------------------+


+---------------------------------------------------------------------------------------------------------------------------+
; Analysis & Synthesis Settings                                                                                             ;
+---------------------------------------------------------------------------------+--------------------+--------------------+
; Option                                                                          ; Setting            ; Default Value      ;
+---------------------------------------------------------------------------------+--------------------+--------------------+
; Device                                                                          ; 5CGXFC7C7F23C8     ;                    ;
; Top-level entity name                                                           ; DE1_SoC            ; DE1_SoC            ;
; Family name                                                                     ; Cyclone V          ; Cyclone V          ;
; Use smart compilation                                                           ; Off                ; Off                ;
; Enable parallel Assembler and TimeQuest Timing Analyzer during compilation      ; On                 ; On                 ;
; Enable compact report table                                                     ; Off                ; Off                ;
; Restructure Multiplexers                                                        ; Auto               ; Auto               ;
; MLAB Add Timing Constraints For Mixed-Port Feed-Through Mode Setting Don't Care ; Off                ; Off                ;
; Create Debugging Nodes for IP Cores                                             ; Off                ; Off                ;
; Preserve fewer node names                                                       ; On                 ; On                 ;
; OpenCore Plus hardware evaluation                                               ; Enable             ; Enable             ;
; Verilog Version                                                                 ; Verilog_2001       ; Verilog_2001       ;
; VHDL Version                                                                    ; VHDL_1993          ; VHDL_1993          ;
; State Machine Processing                                                        ; Auto               ; Auto               ;
; Safe State Machine                                                              ; Off                ; Off                ;
; Extract Verilog State Machines                                                  ; On                 ; On                 ;
; Extract VHDL State Machines                                                     ; On                 ; On                 ;
; Ignore Verilog initial constructs                                               ; Off                ; Off                ;
; Iteration limit for constant Verilog loops                                      ; 5000               ; 5000               ;
; Iteration limit for non-constant Verilog loops                                  ; 250                ; 250                ;
; Add Pass-Through Logic to Inferred RAMs                                         ; On                 ; On                 ;
; Infer RAMs from Raw Logic                                                       ; On                 ; On                 ;
; Parallel Synthesis                                                              ; On                 ; On                 ;
; DSP Block Balancing                                                             ; Auto               ; Auto               ;
; NOT Gate Push-Back                                                              ; On                 ; On                 ;
; Power-Up Don't Care                                                             ; On                 ; On                 ;
; Remove Redundant Logic Cells                                                    ; Off                ; Off                ;
; Remove Duplicate Registers                                                      ; On                 ; On                 ;
; Ignore CARRY Buffers                                                            ; Off                ; Off                ;
; Ignore CASCADE Buffers                                                          ; Off                ; Off                ;
; Ignore GLOBAL Buffers                                                           ; Off                ; Off                ;
; Ignore ROW GLOBAL Buffers                                                       ; Off                ; Off                ;
; Ignore LCELL Buffers                                                            ; Off                ; Off                ;
; Ignore SOFT Buffers                                                             ; On                 ; On                 ;
; Limit AHDL Integers to 32 Bits                                                  ; Off                ; Off                ;
; Optimization Technique                                                          ; Balanced           ; Balanced           ;
; Carry Chain Length                                                              ; 70                 ; 70                 ;
; Auto Carry Chains                                                               ; On                 ; On                 ;
; Auto Open-Drain Pins                                                            ; On                 ; On                 ;
; Perform WYSIWYG Primitive Resynthesis                                           ; Off                ; Off                ;
; Auto ROM Replacement                                                            ; On                 ; On                 ;
; Auto RAM Replacement                                                            ; On                 ; On                 ;
; Auto DSP Block Replacement                                                      ; On                 ; On                 ;
; Auto Shift Register Replacement                                                 ; Auto               ; Auto               ;
; Allow Shift Register Merging across Hierarchies                                 ; Auto               ; Auto               ;
; Auto Clock Enable Replacement                                                   ; On                 ; On                 ;
; Strict RAM Replacement                                                          ; Off                ; Off                ;
; Allow Synchronous Control Signals                                               ; On                 ; On                 ;
; Force Use of Synchronous Clear Signals                                          ; Off                ; Off                ;
; Auto Resource Sharing                                                           ; Off                ; Off                ;
; Allow Any RAM Size For Recognition                                              ; Off                ; Off                ;
; Allow Any ROM Size For Recognition                                              ; Off                ; Off                ;
; Allow Any Shift Register Size For Recognition                                   ; Off                ; Off                ;
; Use LogicLock Constraints during Resource Balancing                             ; On                 ; On                 ;
; Ignore translate_off and synthesis_off directives                               ; Off                ; Off                ;
; Timing-Driven Synthesis                                                         ; On                 ; On                 ;
; Report Parameter Settings                                                       ; On                 ; On                 ;
; Report Source Assignments                                                       ; On                 ; On                 ;
; Report Connectivity Checks                                                      ; On                 ; On                 ;
; Ignore Maximum Fan-Out Assignments                                              ; Off                ; Off                ;
; Synchronization Register Chain Length                                           ; 3                  ; 3                  ;
; PowerPlay Power Optimization During Synthesis                                   ; Normal compilation ; Normal compilation ;
; HDL message level                                                               ; Level2             ; Level2             ;
; Suppress Register Optimization Related Messages                                 ; Off                ; Off                ;
; Number of Removed Registers Reported in Synthesis Report                        ; 5000               ; 5000               ;
; Number of Swept Nodes Reported in Synthesis Report                              ; 5000               ; 5000               ;
; Number of Inverted Registers Reported in Synthesis Report                       ; 100                ; 100                ;
; Clock MUX Protection                                                            ; On                 ; On                 ;
; Auto Gated Clock Conversion                                                     ; Off                ; Off                ;
; Block Design Naming                                                             ; Auto               ; Auto               ;
; SDC constraint protection                                                       ; Off                ; Off                ;
; Synthesis Effort                                                                ; Auto               ; Auto               ;
; Shift Register Replacement - Allow Asynchronous Clear Signal                    ; On                 ; On                 ;
; Pre-Mapping Resynthesis Optimization                                            ; Off                ; Off                ;
; Analysis & Synthesis Message Level                                              ; Medium             ; Medium             ;
; Disable Register Merging Across Hierarchies                                     ; Auto               ; Auto               ;
; Resource Aware Inference For Block RAM                                          ; On                 ; On                 ;
; Automatic Parallel Synthesis                                                    ; On                 ; On                 ;
; Partial Reconfiguration Bitstream ID                                            ; Off                ; Off                ;
+---------------------------------------------------------------------------------+--------------------+--------------------+


+------------------------------------------+
; Parallel Compilation                     ;
+----------------------------+-------------+
; Processors                 ; Number      ;
+----------------------------+-------------+
; Number detected on machine ; 20          ;
; Maximum allowed            ; 16          ;
;                            ;             ;
; Average used               ; 1.00        ;
; Maximum used               ; 16          ;
;                            ;             ;
; Usage by Processor         ; % Time Used ;
;     Processor 1            ; 100.0%      ;
;     Processors 2-16        ;   0.0%      ;
+----------------------------+-------------+


+--------------------------------------------------------------------------------------------------------------------------------------------------------------------------------+
; Analysis & Synthesis Source Files Read                                                                                                                                         ;
+----------------------------------+-----------------+----------------------------------+------------------------------------------------------------------------------+---------+
; File Name with User-Entered Path ; Used in Netlist ; File Type                        ; File Name with Absolute Path                                                 ; Library ;
+----------------------------------+-----------------+----------------------------------+------------------------------------------------------------------------------+---------+
; serial_driver.sv                 ; yes             ; User SystemVerilog HDL File      ; U:/EE_371/Lab6/serial_driver.sv                                              ;         ;
; n8_driver.sv                     ; yes             ; User SystemVerilog HDL File      ; U:/EE_371/Lab6/n8_driver.sv                                                  ;         ;
; note_input_datapath.sv           ; yes             ; User SystemVerilog HDL File      ; U:/EE_371/Lab6/note_input_datapath.sv                                        ;         ;
; note_input_controller.sv         ; yes             ; User SystemVerilog HDL File      ; U:/EE_371/Lab6/note_input_controller.sv                                      ;         ;
; note_input.sv                    ; yes             ; User SystemVerilog HDL File      ; U:/EE_371/Lab6/note_input.sv                                                 ;         ;
; DE1_SoC.sv                       ; yes             ; User SystemVerilog HDL File      ; U:/EE_371/Lab6/DE1_SoC.sv                                                    ;         ;
; note_ram120x3.v                  ; yes             ; User Wizard-Generated File       ; U:/EE_371/Lab6/note_ram120x3.v                                               ;         ;
; note_ram120x3.mif                ; yes             ; User Memory Initialization File  ; U:/EE_371/Lab6/note_ram120x3.mif                                             ;         ;
; clock_divider_8.sv               ; yes             ; User SystemVerilog HDL File      ; U:/EE_371/Lab6/clock_divider_8.sv                                            ;         ;
; altsyncram.tdf                   ; yes             ; Megafunction                     ; c:/intelfpga_lite/17.0/quartus/libraries/megafunctions/altsyncram.tdf        ;         ;
; stratix_ram_block.inc            ; yes             ; Megafunction                     ; c:/intelfpga_lite/17.0/quartus/libraries/megafunctions/stratix_ram_block.inc ;         ;
; lpm_mux.inc                      ; yes             ; Megafunction                     ; c:/intelfpga_lite/17.0/quartus/libraries/megafunctions/lpm_mux.inc           ;         ;
; lpm_decode.inc                   ; yes             ; Megafunction                     ; c:/intelfpga_lite/17.0/quartus/libraries/megafunctions/lpm_decode.inc        ;         ;
; aglobal170.inc                   ; yes             ; Megafunction                     ; c:/intelfpga_lite/17.0/quartus/libraries/megafunctions/aglobal170.inc        ;         ;
; a_rdenreg.inc                    ; yes             ; Megafunction                     ; c:/intelfpga_lite/17.0/quartus/libraries/megafunctions/a_rdenreg.inc         ;         ;
; altrom.inc                       ; yes             ; Megafunction                     ; c:/intelfpga_lite/17.0/quartus/libraries/megafunctions/altrom.inc            ;         ;
; altram.inc                       ; yes             ; Megafunction                     ; c:/intelfpga_lite/17.0/quartus/libraries/megafunctions/altram.inc            ;         ;
; altdpram.inc                     ; yes             ; Megafunction                     ; c:/intelfpga_lite/17.0/quartus/libraries/megafunctions/altdpram.inc          ;         ;
; db/altsyncram_tqq1.tdf           ; yes             ; Auto-Generated Megafunction      ; U:/EE_371/Lab6/db/altsyncram_tqq1.tdf                                        ;         ;
+----------------------------------+-----------------+----------------------------------+------------------------------------------------------------------------------+---------+


+--------------------------------------------------------------+
; Analysis & Synthesis Resource Usage Summary                  ;
+---------------------------------------------+----------------+
; Resource                                    ; Usage          ;
+---------------------------------------------+----------------+
; Estimate of Logic utilization (ALMs needed) ; 15             ;
;                                             ;                ;
; Combinational ALUT usage for logic          ; 29             ;
;     -- 7 input functions                    ; 0              ;
;     -- 6 input functions                    ; 1              ;
;     -- 5 input functions                    ; 1              ;
;     -- 4 input functions                    ; 2              ;
;     -- <=3 input functions                  ; 25             ;
;                                             ;                ;
; Dedicated logic registers                   ; 24             ;
;                                             ;                ;
; I/O pins                                    ; 106            ;
;                                             ;                ;
; Total DSP Blocks                            ; 0              ;
;                                             ;                ;
; Maximum fan-out node                        ; CLOCK_50~input ;
; Maximum fan-out                             ; 15             ;
; Total fan-out                               ; 277            ;
; Average fan-out                             ; 0.92           ;
+---------------------------------------------+----------------+


+-----------------------------------------------------------------------------------------------------------------------------------------------------------------------------------------------------------------------+
; Analysis & Synthesis Resource Utilization by Entity                                                                                                                                                                   ;
+------------------------------+---------------------+---------------------------+-------------------+------------+------+--------------+------------------------------------------------+---------------+--------------+
; Compilation Hierarchy Node   ; Combinational ALUTs ; Dedicated Logic Registers ; Block Memory Bits ; DSP Blocks ; Pins ; Virtual Pins ; Full Hierarchy Name                            ; Entity Name   ; Library Name ;
+------------------------------+---------------------+---------------------------+-------------------+------------+------+--------------+------------------------------------------------+---------------+--------------+
; |DE1_SoC                     ; 29 (0)              ; 24 (0)                    ; 0                 ; 0          ; 106  ; 0            ; |DE1_SoC                                       ; DE1_SoC       ; work         ;
;    |n8_driver:driver|        ; 29 (0)              ; 24 (0)                    ; 0                 ; 0          ; 0    ; 0            ; |DE1_SoC|n8_driver:driver                      ; n8_driver     ; work         ;
;       |serial_driver:driver| ; 29 (29)             ; 24 (24)                   ; 0                 ; 0          ; 0    ; 0            ; |DE1_SoC|n8_driver:driver|serial_driver:driver ; serial_driver ; work         ;
+------------------------------+---------------------+---------------------------+-------------------+------------+------+--------------+------------------------------------------------+---------------+--------------+
Note: For table entries with two numbers listed, the numbers in parentheses indicate the number of resources of the given type used by the specific entity alone. The numbers listed outside of parentheses indicate the total resources of the given type used by the specific entity and all of its sub-entities in the hierarchy.


+-------------------------------------------------------------------------------------------------------------------------+
; Analysis & Synthesis IP Cores Summary                                                                                   ;
+--------+--------------+---------+--------------+--------------+---------------------------------------+-----------------+
; Vendor ; IP Core Name ; Version ; Release Date ; License Type ; Entity Instance                       ; IP Include File ;
+--------+--------------+---------+--------------+--------------+---------------------------------------+-----------------+
; Altera ; RAM: 1-PORT  ; 17.0    ; N/A          ; N/A          ; |DE1_SoC|note_ram120x3:user_notes_RAM ; note_ram120x3.v ;
+--------+--------------+---------+--------------+--------------+---------------------------------------+-----------------+


Encoding Type:  One-Hot
+-----------------------------------------------------------------------------------+
; State Machine - |DE1_SoC|note_input:note_loader_sim|note_input_controller:ni_c|ps ;
+-------+-------+-------+-------+---------------------------------------------------+
; Name  ; ps.S3 ; ps.S2 ; ps.S1 ; ps.S0                                             ;
+-------+-------+-------+-------+---------------------------------------------------+
; ps.S0 ; 0     ; 0     ; 0     ; 0                                                 ;
; ps.S1 ; 0     ; 0     ; 1     ; 1                                                 ;
; ps.S2 ; 0     ; 1     ; 0     ; 1                                                 ;
; ps.S3 ; 1     ; 0     ; 0     ; 1                                                 ;
+-------+-------+-------+-------+---------------------------------------------------+


+-----------------------------------------------------------------------------------------+
; Registers Removed During Synthesis                                                      ;
+--------------------------------------------------------------------+--------------------+
; Register name                                                      ; Reason for Removal ;
+--------------------------------------------------------------------+--------------------+
; note_input:note_loader_sim|note_input_datapath:ni_d|RAM_wren       ; Lost fanout        ;
; note_input:note_loader_sim|note_input_controller:ni_c|ps~2         ; Lost fanout        ;
; note_input:note_loader_sim|note_input_controller:ni_c|ps~3         ; Lost fanout        ;
; note_input:note_loader_sim|note_input_datapath:ni_d|full           ; Lost fanout        ;
; note_input:note_loader_sim|note_input_datapath:ni_d|RAM_din[0..2]  ; Lost fanout        ;
; note_input:note_loader_sim|note_input_datapath:ni_d|RAM_addr[0..6] ; Lost fanout        ;
; note_input:note_loader_sim|note_input_controller:ni_c|ps.S0        ; Lost fanout        ;
; note_input:note_loader_sim|note_input_controller:ni_c|ps.S1        ; Lost fanout        ;
; note_input:note_loader_sim|note_input_controller:ni_c|ps.S2        ; Lost fanout        ;
; note_input:note_loader_sim|note_input_controller:ni_c|ps.S3        ; Lost fanout        ;
; Total Number of Removed Registers = 18                             ;                    ;
+--------------------------------------------------------------------+--------------------+


+--------------------------------------------------------------------------------------------------------------------------------------------------------+
; Removed Registers Triggering Further Register Optimizations                                                                                            ;
+----------------------------------------------------------------+--------------------+------------------------------------------------------------------+
; Register name                                                  ; Reason for Removal ; Registers Removed due to This Register                           ;
+----------------------------------------------------------------+--------------------+------------------------------------------------------------------+
; note_input:note_loader_sim|note_input_controller:ni_c|ps~2     ; Lost Fanouts       ; note_input:note_loader_sim|note_input_datapath:ni_d|full,        ;
;                                                                ;                    ; note_input:note_loader_sim|note_input_datapath:ni_d|RAM_addr[2], ;
;                                                                ;                    ; note_input:note_loader_sim|note_input_datapath:ni_d|RAM_addr[1], ;
;                                                                ;                    ; note_input:note_loader_sim|note_input_datapath:ni_d|RAM_addr[0], ;
;                                                                ;                    ; note_input:note_loader_sim|note_input_datapath:ni_d|RAM_addr[3], ;
;                                                                ;                    ; note_input:note_loader_sim|note_input_datapath:ni_d|RAM_addr[4], ;
;                                                                ;                    ; note_input:note_loader_sim|note_input_datapath:ni_d|RAM_addr[5], ;
;                                                                ;                    ; note_input:note_loader_sim|note_input_datapath:ni_d|RAM_addr[6], ;
;                                                                ;                    ; note_input:note_loader_sim|note_input_controller:ni_c|ps.S0,     ;
;                                                                ;                    ; note_input:note_loader_sim|note_input_controller:ni_c|ps.S3      ;
; note_input:note_loader_sim|note_input_controller:ni_c|ps~3     ; Lost Fanouts       ; note_input:note_loader_sim|note_input_controller:ni_c|ps.S2      ;
; note_input:note_loader_sim|note_input_datapath:ni_d|RAM_din[0] ; Lost Fanouts       ; note_input:note_loader_sim|note_input_controller:ni_c|ps.S1      ;
+----------------------------------------------------------------+--------------------+------------------------------------------------------------------+


+------------------------------------------------------+
; General Register Statistics                          ;
+----------------------------------------------+-------+
; Statistic                                    ; Value ;
+----------------------------------------------+-------+
; Total registers                              ; 24    ;
; Number of registers using Synchronous Clear  ; 9     ;
; Number of registers using Synchronous Load   ; 0     ;
; Number of registers using Asynchronous Clear ; 0     ;
; Number of registers using Asynchronous Load  ; 0     ;
; Number of registers using Clock Enable       ; 0     ;
; Number of registers using Preset             ; 0     ;
+----------------------------------------------+-------+


+----------------------------------------------------------------------------------------------------------------------------------------------------------------------------------------+
; Multiplexer Restructuring Statistics (Restructuring Performed)                                                                                                                         ;
+--------------------+-----------+---------------+----------------------+------------------------+------------+--------------------------------------------------------------------------+
; Multiplexer Inputs ; Bus Width ; Baseline Area ; Area if Restructured ; Saving if Restructured ; Registered ; Example Multiplexer Output                                               ;
+--------------------+-----------+---------------+----------------------+------------------------+------------+--------------------------------------------------------------------------+
; 3:1                ; 7 bits    ; 14 LEs        ; 7 LEs                ; 7 LEs                  ; Yes        ; |DE1_SoC|note_input:note_loader_sim|note_input_datapath:ni_d|RAM_addr[2] ;
; 9:1                ; 3 bits    ; 18 LEs        ; 15 LEs               ; 3 LEs                  ; Yes        ; |DE1_SoC|note_input:note_loader_sim|note_input_datapath:ni_d|RAM_din[0]  ;
+--------------------+-----------+---------------+----------------------+------------------------+------------+--------------------------------------------------------------------------+


+--------------------------------------------------------------------------------------------------------------------+
; Source assignments for note_ram120x3:user_notes_RAM|altsyncram:altsyncram_component|altsyncram_tqq1:auto_generated ;
+---------------------------------+--------------------+------+------------------------------------------------------+
; Assignment                      ; Value              ; From ; To                                                   ;
+---------------------------------+--------------------+------+------------------------------------------------------+
; OPTIMIZE_POWER_DURING_SYNTHESIS ; NORMAL_COMPILATION ; -    ; -                                                    ;
+---------------------------------+--------------------+------+------------------------------------------------------+


+-------------------------------------------------------------------------+
; Parameter Settings for User Entity Instance: Top-level Entity: |DE1_SoC ;
+----------------+---------+----------------------------------------------+
; Parameter Name ; Value   ; Type                                         ;
+----------------+---------+----------------------------------------------+
; MAX            ; 3125000 ; Signed Integer                               ;
+----------------+---------+----------------------------------------------+
Note: In order to hide this table in the UI and the text report file, please set the "Show Parameter Settings in Synthesis Report" option in "Analysis and Synthesis Settings -> More Settings" to "Off".


+------------------------------------------------------------------------------------+
; Parameter Settings for User Entity Instance: n8_driver:driver|serial_driver:driver ;
+----------------+-------+-----------------------------------------------------------+
; Parameter Name ; Value ; Type                                                      ;
+----------------+-------+-----------------------------------------------------------+
; BITS           ; 8     ; Signed Integer                                            ;
+----------------+-------+-----------------------------------------------------------+
Note: In order to hide this table in the UI and the text report file, please set the "Show Parameter Settings in Synthesis Report" option in "Analysis and Synthesis Settings -> More Settings" to "Off".


+-----------------------------------------------------------------+
; Parameter Settings for User Entity Instance: clock_divider_8:c8 ;
+----------------+---------+--------------------------------------+
; Parameter Name ; Value   ; Type                                 ;
+----------------+---------+--------------------------------------+
; MAX            ; 3125000 ; Signed Integer                       ;
+----------------+---------+--------------------------------------+
Note: In order to hide this table in the UI and the text report file, please set the "Show Parameter Settings in Synthesis Report" option in "Analysis and Synthesis Settings -> More Settings" to "Off".


+--------------------------------------------------------------------------------------------------+
; Parameter Settings for User Entity Instance: note_input:note_loader_sim|note_input_datapath:ni_d ;
+----------------+---------+-----------------------------------------------------------------------+
; Parameter Name ; Value   ; Type                                                                  ;
+----------------+---------+-----------------------------------------------------------------------+
; A_ID           ; 001     ; Unsigned Binary                                                       ;
; B_ID           ; 010     ; Unsigned Binary                                                       ;
; C_ID           ; 011     ; Unsigned Binary                                                       ;
; D_ID           ; 100     ; Unsigned Binary                                                       ;
; E_ID           ; 101     ; Unsigned Binary                                                       ;
; F_ID           ; 110     ; Unsigned Binary                                                       ;
; G_ID           ; 111     ; Unsigned Binary                                                       ;
; MAX_ADDR       ; 1110111 ; Unsigned Binary                                                       ;
+----------------+---------+-----------------------------------------------------------------------+
Note: In order to hide this table in the UI and the text report file, please set the "Show Parameter Settings in Synthesis Report" option in "Analysis and Synthesis Settings -> More Settings" to "Off".


+-----------------------------------------------------------------------------------------------------------+
; Parameter Settings for User Entity Instance: note_ram120x3:user_notes_RAM|altsyncram:altsyncram_component ;
+------------------------------------+----------------------+-----------------------------------------------+
; Parameter Name                     ; Value                ; Type                                          ;
+------------------------------------+----------------------+-----------------------------------------------+
; BYTE_SIZE_BLOCK                    ; 8                    ; Untyped                                       ;
; AUTO_CARRY_CHAINS                  ; ON                   ; AUTO_CARRY                                    ;
; IGNORE_CARRY_BUFFERS               ; OFF                  ; IGNORE_CARRY                                  ;
; AUTO_CASCADE_CHAINS                ; ON                   ; AUTO_CASCADE                                  ;
; IGNORE_CASCADE_BUFFERS             ; OFF                  ; IGNORE_CASCADE                                ;
; WIDTH_BYTEENA                      ; 1                    ; Untyped                                       ;
; OPERATION_MODE                     ; SINGLE_PORT          ; Untyped                                       ;
; WIDTH_A                            ; 3                    ; Signed Integer                                ;
; WIDTHAD_A                          ; 7                    ; Signed Integer                                ;
; NUMWORDS_A                         ; 120                  ; Signed Integer                                ;
; OUTDATA_REG_A                      ; UNREGISTERED         ; Untyped                                       ;
; ADDRESS_ACLR_A                     ; NONE                 ; Untyped                                       ;
; OUTDATA_ACLR_A                     ; NONE                 ; Untyped                                       ;
; WRCONTROL_ACLR_A                   ; NONE                 ; Untyped                                       ;
; INDATA_ACLR_A                      ; NONE                 ; Untyped                                       ;
; BYTEENA_ACLR_A                     ; NONE                 ; Untyped                                       ;
; WIDTH_B                            ; 1                    ; Untyped                                       ;
; WIDTHAD_B                          ; 1                    ; Untyped                                       ;
; NUMWORDS_B                         ; 1                    ; Untyped                                       ;
; INDATA_REG_B                       ; CLOCK1               ; Untyped                                       ;
; WRCONTROL_WRADDRESS_REG_B          ; CLOCK1               ; Untyped                                       ;
; RDCONTROL_REG_B                    ; CLOCK1               ; Untyped                                       ;
; ADDRESS_REG_B                      ; CLOCK1               ; Untyped                                       ;
; OUTDATA_REG_B                      ; UNREGISTERED         ; Untyped                                       ;
; BYTEENA_REG_B                      ; CLOCK1               ; Untyped                                       ;
; INDATA_ACLR_B                      ; NONE                 ; Untyped                                       ;
; WRCONTROL_ACLR_B                   ; NONE                 ; Untyped                                       ;
; ADDRESS_ACLR_B                     ; NONE                 ; Untyped                                       ;
; OUTDATA_ACLR_B                     ; NONE                 ; Untyped                                       ;
; RDCONTROL_ACLR_B                   ; NONE                 ; Untyped                                       ;
; BYTEENA_ACLR_B                     ; NONE                 ; Untyped                                       ;
; WIDTH_BYTEENA_A                    ; 1                    ; Signed Integer                                ;
; WIDTH_BYTEENA_B                    ; 1                    ; Untyped                                       ;
; RAM_BLOCK_TYPE                     ; M10K                 ; Untyped                                       ;
; BYTE_SIZE                          ; 8                    ; Untyped                                       ;
; READ_DURING_WRITE_MODE_MIXED_PORTS ; DONT_CARE            ; Untyped                                       ;
; READ_DURING_WRITE_MODE_PORT_A      ; NEW_DATA_NO_NBE_READ ; Untyped                                       ;
; READ_DURING_WRITE_MODE_PORT_B      ; NEW_DATA_NO_NBE_READ ; Untyped                                       ;
; INIT_FILE                          ; note_ram120x3.mif    ; Untyped                                       ;
; INIT_FILE_LAYOUT                   ; PORT_A               ; Untyped                                       ;
; MAXIMUM_DEPTH                      ; 0                    ; Untyped                                       ;
; CLOCK_ENABLE_INPUT_A               ; BYPASS               ; Untyped                                       ;
; CLOCK_ENABLE_INPUT_B               ; NORMAL               ; Untyped                                       ;
; CLOCK_ENABLE_OUTPUT_A              ; BYPASS               ; Untyped                                       ;
; CLOCK_ENABLE_OUTPUT_B              ; NORMAL               ; Untyped                                       ;
; CLOCK_ENABLE_CORE_A                ; USE_INPUT_CLKEN      ; Untyped                                       ;
; CLOCK_ENABLE_CORE_B                ; USE_INPUT_CLKEN      ; Untyped                                       ;
; ENABLE_ECC                         ; FALSE                ; Untyped                                       ;
; ECC_PIPELINE_STAGE_ENABLED         ; FALSE                ; Untyped                                       ;
; WIDTH_ECCSTATUS                    ; 3                    ; Untyped                                       ;
; DEVICE_FAMILY                      ; Cyclone V            ; Untyped                                       ;
; CBXI_PARAMETER                     ; altsyncram_tqq1      ; Untyped                                       ;
+------------------------------------+----------------------+-----------------------------------------------+
Note: In order to hide this table in the UI and the text report file, please set the "Show Parameter Settings in Synthesis Report" option in "Analysis and Synthesis Settings -> More Settings" to "Off".


+----------------------------------------------------------------------------------------------------------+
; altsyncram Parameter Settings by Entity Instance                                                         ;
+-------------------------------------------+--------------------------------------------------------------+
; Name                                      ; Value                                                        ;
+-------------------------------------------+--------------------------------------------------------------+
; Number of entity instances                ; 1                                                            ;
; Entity Instance                           ; note_ram120x3:user_notes_RAM|altsyncram:altsyncram_component ;
;     -- OPERATION_MODE                     ; SINGLE_PORT                                                  ;
;     -- WIDTH_A                            ; 3                                                            ;
;     -- NUMWORDS_A                         ; 120                                                          ;
;     -- OUTDATA_REG_A                      ; UNREGISTERED                                                 ;
;     -- WIDTH_B                            ; 1                                                            ;
;     -- NUMWORDS_B                         ; 1                                                            ;
;     -- ADDRESS_REG_B                      ; CLOCK1                                                       ;
;     -- OUTDATA_REG_B                      ; UNREGISTERED                                                 ;
;     -- RAM_BLOCK_TYPE                     ; M10K                                                         ;
;     -- READ_DURING_WRITE_MODE_MIXED_PORTS ; DONT_CARE                                                    ;
+-------------------------------------------+--------------------------------------------------------------+


+----------------------------------------------------------------------------------------------------------------+
; Port Connectivity Checks: "note_ram120x3:user_notes_RAM"                                                       ;
+------+--------+----------+-------------------------------------------------------------------------------------+
; Port ; Type   ; Severity ; Details                                                                             ;
+------+--------+----------+-------------------------------------------------------------------------------------+
; q    ; Output ; Info     ; Connected to dangling logic. Logic that only feeds a dangling port will be removed. ;
+------+--------+----------+-------------------------------------------------------------------------------------+


+----------------------------------------------------------------------------------------------------------------+
; Port Connectivity Checks: "note_input:note_loader_sim"                                                         ;
+------+--------+----------+-------------------------------------------------------------------------------------+
; Port ; Type   ; Severity ; Details                                                                             ;
+------+--------+----------+-------------------------------------------------------------------------------------+
; stop ; Input  ; Info     ; Stuck at GND                                                                        ;
; full ; Output ; Info     ; Connected to dangling logic. Logic that only feeds a dangling port will be removed. ;
+------+--------+----------+-------------------------------------------------------------------------------------+


+-----------------------------------------------------------------------------------------------------------------+
; Port Connectivity Checks: "clock_divider_8:c8"                                                                  ;
+-------+--------+----------+-------------------------------------------------------------------------------------+
; Port  ; Type   ; Severity ; Details                                                                             ;
+-------+--------+----------+-------------------------------------------------------------------------------------+
; reset ; Input  ; Info     ; Stuck at GND                                                                        ;
; clk_8 ; Output ; Info     ; Connected to dangling logic. Logic that only feeds a dangling port will be removed. ;
+-------+--------+----------+-------------------------------------------------------------------------------------+


+-----------------------------------------------------------------------------------------------------------------------+
; Port Connectivity Checks: "n8_driver:driver|serial_driver:driver"                                                     ;
+-------------+--------+----------+-------------------------------------------------------------------------------------+
; Port        ; Type   ; Severity ; Details                                                                             ;
+-------------+--------+----------+-------------------------------------------------------------------------------------+
; data_out[3] ; Output ; Info     ; Connected to dangling logic. Logic that only feeds a dangling port will be removed. ;
+-------------+--------+----------+-------------------------------------------------------------------------------------+


+----------------------------------------------------------------------------------------------------------------+
; Port Connectivity Checks: "n8_driver:driver"                                                                   ;
+------+--------+----------+-------------------------------------------------------------------------------------+
; Port ; Type   ; Severity ; Details                                                                             ;
+------+--------+----------+-------------------------------------------------------------------------------------+
; A    ; Output ; Info     ; Connected to dangling logic. Logic that only feeds a dangling port will be removed. ;
; B    ; Output ; Info     ; Connected to dangling logic. Logic that only feeds a dangling port will be removed. ;
; C    ; Output ; Info     ; Connected to dangling logic. Logic that only feeds a dangling port will be removed. ;
; D    ; Output ; Info     ; Connected to dangling logic. Logic that only feeds a dangling port will be removed. ;
; E    ; Output ; Info     ; Connected to dangling logic. Logic that only feeds a dangling port will be removed. ;
; F    ; Output ; Info     ; Connected to dangling logic. Logic that only feeds a dangling port will be removed. ;
; G    ; Output ; Info     ; Connected to dangling logic. Logic that only feeds a dangling port will be removed. ;
+------+--------+----------+-------------------------------------------------------------------------------------+


+-----------------------------------------------------+
; Post-Synthesis Netlist Statistics for Top Partition ;
+-----------------------+-----------------------------+
; Type                  ; Count                       ;
+-----------------------+-----------------------------+
; arriav_ff             ; 24                          ;
;     SCLR              ; 9                           ;
;     plain             ; 15                          ;
; arriav_io_obuf        ; 37                          ;
; arriav_lcell_comb     ; 30                          ;
;     arith             ; 23                          ;
;         1 data inputs ; 22                          ;
;         2 data inputs ; 1                           ;
;     normal            ; 7                           ;
;         0 data inputs ; 1                           ;
;         1 data inputs ; 1                           ;
;         2 data inputs ; 1                           ;
;         4 data inputs ; 2                           ;
;         5 data inputs ; 1                           ;
;         6 data inputs ; 1                           ;
; boundary_port         ; 106                         ;
;                       ;                             ;
; Max LUT depth         ; 2.30                        ;
; Average LUT depth     ; 1.12                        ;
+-----------------------+-----------------------------+


+-------------------------------+
; Elapsed Time Per Partition    ;
+----------------+--------------+
; Partition Name ; Elapsed Time ;
+----------------+--------------+
; Top            ; 00:00:00     ;
+----------------+--------------+


+-------------------------------+
; Analysis & Synthesis Messages ;
+-------------------------------+
Info: *******************************************************************
Info: Running Quartus Prime Analysis & Synthesis
    Info: Version 17.0.0 Build 595 04/25/2017 SJ Lite Edition
    Info: Processing started: Fri Jun 05 14:59:32 2026
Info: Command: quartus_map --read_settings_files=on --write_settings_files=off DE1_SoC -c DE1_SoC
Warning (18236): Number of processors has not been specified which may cause overloading on shared machines.  Set the global assignment NUM_PARALLEL_PROCESSORS in your QSF to an appropriate value for best performance.
Info (20030): Parallel compilation is enabled and will use 16 of the 20 processors detected
Warning (10263): Verilog HDL Event Control warning at serial_driver.sv(68): event expression contains "|" or "||" File: U:/EE_371/Lab6/serial_driver.sv Line: 68
Info (12021): Found 1 design units, including 1 entities, in source file serial_driver.sv
    Info (12023): Found entity 1: serial_driver File: U:/EE_371/Lab6/serial_driver.sv Line: 1
Info (12021): Found 1 design units, including 1 entities, in source file n8_driver.sv
    Info (12023): Found entity 1: n8_driver File: U:/EE_371/Lab6/n8_driver.sv Line: 1
Info (12021): Found 1 design units, including 1 entities, in source file note_input_tb.sv
    Info (12023): Found entity 1: note_input_tb File: U:/EE_371/Lab6/note_input_tb.sv Line: 2
Info (12021): Found 1 design units, including 1 entities, in source file note_input_datapath.sv
    Info (12023): Found entity 1: note_input_datapath File: U:/EE_371/Lab6/note_input_datapath.sv Line: 4
Info (12021): Found 1 design units, including 1 entities, in source file note_input_controller.sv
    Info (12023): Found entity 1: note_input_controller File: U:/EE_371/Lab6/note_input_controller.sv Line: 7
Info (12021): Found 1 design units, including 1 entities, in source file note_input.sv
    Info (12023): Found entity 1: note_input File: U:/EE_371/Lab6/note_input.sv Line: 19
Info (12021): Found 2 design units, including 2 entities, in source file noise_gen.sv
    Info (12023): Found entity 1: noise_gen File: U:/EE_371/Lab6/noise_gen.sv Line: 1
    Info (12023): Found entity 2: noise_gen_testbench File: U:/EE_371/Lab6/noise_gen.sv Line: 21
Info (12021): Found 1 design units, including 1 entities, in source file de1_soc.sv
    Info (12023): Found entity 1: DE1_SoC File: U:/EE_371/Lab6/DE1_SoC.sv Line: 1
Info (12021): Found 1 design units, including 1 entities, in source file clock_generator.v
    Info (12023): Found entity 1: clock_generator File: U:/EE_371/Lab6/clock_generator.v Line: 48
Info (12021): Found 1 design units, including 1 entities, in source file audio_codec.v
    Info (12023): Found entity 1: audio_codec File: U:/EE_371/Lab6/audio_codec.v Line: 49
Info (12021): Found 1 design units, including 1 entities, in source file audio_and_video_config.v
    Info (12023): Found entity 1: audio_and_video_config File: U:/EE_371/Lab6/audio_and_video_config.v Line: 49
Info (12021): Found 1 design units, including 1 entities, in source file altera_up_sync_fifo.v
    Info (12023): Found entity 1: Altera_UP_SYNC_FIFO File: U:/EE_371/Lab6/Altera_UP_SYNC_FIFO.v Line: 47
Info (12021): Found 1 design units, including 1 entities, in source file altera_up_slow_clock_generator.v
    Info (12023): Found entity 1: Altera_UP_Slow_Clock_Generator File: U:/EE_371/Lab6/Altera_UP_Slow_Clock_Generator.v Line: 53
Info (12021): Found 1 design units, including 1 entities, in source file altera_up_i2c_lcm_auto_initialize.v
    Info (12023): Found entity 1: Altera_UP_I2C_LCM_Auto_Initialize File: U:/EE_371/Lab6/Altera_UP_I2C_LCM_Auto_Initialize.v Line: 48
Info (12021): Found 1 design units, including 1 entities, in source file altera_up_i2c_dc_auto_initialize.v
    Info (12023): Found entity 1: Altera_UP_I2C_DC_Auto_Initialize File: U:/EE_371/Lab6/Altera_UP_I2C_DC_Auto_Initialize.v Line: 48
Info (12021): Found 1 design units, including 1 entities, in source file altera_up_i2c_av_auto_initialize.v
    Info (12023): Found entity 1: Altera_UP_I2C_AV_Auto_Initialize File: U:/EE_371/Lab6/Altera_UP_I2C_AV_Auto_Initialize.v Line: 48
Info (12021): Found 1 design units, including 1 entities, in source file altera_up_i2c.v
    Info (12023): Found entity 1: Altera_UP_I2C File: U:/EE_371/Lab6/Altera_UP_I2C.v Line: 48
Info (12021): Found 1 design units, including 1 entities, in source file altera_up_clock_edge.v
    Info (12023): Found entity 1: Altera_UP_Clock_Edge File: U:/EE_371/Lab6/Altera_UP_Clock_Edge.v Line: 48
Info (12021): Found 1 design units, including 1 entities, in source file altera_up_audio_out_serializer.v
    Info (12023): Found entity 1: Altera_UP_Audio_Out_Serializer File: U:/EE_371/Lab6/Altera_UP_Audio_Out_Serializer.v Line: 47
Info (12021): Found 1 design units, including 1 entities, in source file altera_up_audio_in_deserializer.v
    Info (12023): Found entity 1: Altera_UP_Audio_In_Deserializer File: U:/EE_371/Lab6/Altera_UP_Audio_In_Deserializer.v Line: 47
Info (12021): Found 1 design units, including 1 entities, in source file altera_up_audio_bit_counter.v
    Info (12023): Found entity 1: Altera_UP_Audio_Bit_Counter File: U:/EE_371/Lab6/Altera_UP_Audio_Bit_Counter.v Line: 49
Info (12021): Found 1 design units, including 1 entities, in source file note_ram120x3.v
    Info (12023): Found entity 1: note_ram120x3 File: U:/EE_371/Lab6/note_ram120x3.v Line: 40
Info (12021): Found 1 design units, including 1 entities, in source file clock_divider_8.sv
    Info (12023): Found entity 1: clock_divider_8 File: U:/EE_371/Lab6/clock_divider_8.sv Line: 4
Info (12021): Found 1 design units, including 1 entities, in source file clock_divider_8_tb.sv
    Info (12023): Found entity 1: clock_divider_8_tb File: U:/EE_371/Lab6/clock_divider_8_tb.sv Line: 1
Info (12021): Found 1 design units, including 1 entities, in source file de1_soc_tb.sv
    Info (12023): Found entity 1: DE1_SoC_tb File: U:/EE_371/Lab6/DE1_SoC_tb.sv Line: 2
Info (12127): Elaborating entity "DE1_SoC" for the top level hierarchy
Warning (10030): Net "reset" at DE1_SoC.sv(31) has no driver or initial value, using a default initial value '0' File: U:/EE_371/Lab6/DE1_SoC.sv Line: 31
Warning (10034): Output port "HEX0" at DE1_SoC.sv(9) has no driver File: U:/EE_371/Lab6/DE1_SoC.sv Line: 9
Warning (10034): Output port "HEX1" at DE1_SoC.sv(9) has no driver File: U:/EE_371/Lab6/DE1_SoC.sv Line: 9
Warning (10034): Output port "HEX2" at DE1_SoC.sv(9) has no driver File: U:/EE_371/Lab6/DE1_SoC.sv Line: 9
Warning (10034): Output port "HEX3" at DE1_SoC.sv(9) has no driver File: U:/EE_371/Lab6/DE1_SoC.sv Line: 9
Warning (10034): Output port "HEX4" at DE1_SoC.sv(9) has no driver File: U:/EE_371/Lab6/DE1_SoC.sv Line: 9
Warning (10034): Output port "HEX5" at DE1_SoC.sv(9) has no driver File: U:/EE_371/Lab6/DE1_SoC.sv Line: 9
Warning (10034): Output port "LEDR[9..8]" at DE1_SoC.sv(10) has no driver File: U:/EE_371/Lab6/DE1_SoC.sv Line: 10
Warning (10034): Output port "FPGA_I2C_SCLK" at DE1_SoC.sv(14) has no driver File: U:/EE_371/Lab6/DE1_SoC.sv Line: 14
Warning (10034): Output port "AUD_XCK" at DE1_SoC.sv(17) has no driver File: U:/EE_371/Lab6/DE1_SoC.sv Line: 17
Warning (10034): Output port "AUD_DACDAT" at DE1_SoC.sv(20) has no driver File: U:/EE_371/Lab6/DE1_SoC.sv Line: 20
Info (12128): Elaborating entity "n8_driver" for hierarchy "n8_driver:driver" File: U:/EE_371/Lab6/DE1_SoC.sv Line: 74
Info (12128): Elaborating entity "serial_driver" for hierarchy "n8_driver:driver|serial_driver:driver" File: U:/EE_371/Lab6/n8_driver.sv Line: 33
Warning (10230): Verilog HDL assignment warning at serial_driver.sv(81): truncated value with size 32 to match size of target (15) File: U:/EE_371/Lab6/serial_driver.sv Line: 81
Warning (10230): Verilog HDL assignment warning at serial_driver.sv(88): truncated value with size 32 to match size of target (9) File: U:/EE_371/Lab6/serial_driver.sv Line: 88
Info (12128): Elaborating entity "clock_divider_8" for hierarchy "clock_divider_8:c8" File: U:/EE_371/Lab6/DE1_SoC.sv Line: 78
Info (12128): Elaborating entity "note_input" for hierarchy "note_input:note_loader_sim" File: U:/EE_371/Lab6/DE1_SoC.sv Line: 90
Info (12128): Elaborating entity "note_input_controller" for hierarchy "note_input:note_loader_sim|note_input_controller:ni_c" File: U:/EE_371/Lab6/note_input.sv Line: 36
Info (12128): Elaborating entity "note_input_datapath" for hierarchy "note_input:note_loader_sim|note_input_datapath:ni_d" File: U:/EE_371/Lab6/note_input.sv Line: 37
Info (12128): Elaborating entity "note_ram120x3" for hierarchy "note_ram120x3:user_notes_RAM" File: U:/EE_371/Lab6/DE1_SoC.sv Line: 97
Info (12128): Elaborating entity "altsyncram" for hierarchy "note_ram120x3:user_notes_RAM|altsyncram:altsyncram_component" File: U:/EE_371/Lab6/note_ram120x3.v Line: 86
Info (12130): Elaborated megafunction instantiation "note_ram120x3:user_notes_RAM|altsyncram:altsyncram_component" File: U:/EE_371/Lab6/note_ram120x3.v Line: 86
Info (12133): Instantiated megafunction "note_ram120x3:user_notes_RAM|altsyncram:altsyncram_component" with the following parameter: File: U:/EE_371/Lab6/note_ram120x3.v Line: 86
    Info (12134): Parameter "clock_enable_input_a" = "BYPASS"
    Info (12134): Parameter "clock_enable_output_a" = "BYPASS"
    Info (12134): Parameter "init_file" = "note_ram120x3.mif"
    Info (12134): Parameter "intended_device_family" = "Cyclone V"
    Info (12134): Parameter "lpm_hint" = "ENABLE_RUNTIME_MOD=NO"
    Info (12134): Parameter "lpm_type" = "altsyncram"
    Info (12134): Parameter "numwords_a" = "120"
    Info (12134): Parameter "operation_mode" = "SINGLE_PORT"
    Info (12134): Parameter "outdata_aclr_a" = "NONE"
    Info (12134): Parameter "outdata_reg_a" = "UNREGISTERED"
    Info (12134): Parameter "power_up_uninitialized" = "FALSE"
    Info (12134): Parameter "ram_block_type" = "M10K"
    Info (12134): Parameter "read_during_write_mode_port_a" = "NEW_DATA_NO_NBE_READ"
    Info (12134): Parameter "widthad_a" = "7"
    Info (12134): Parameter "width_a" = "3"
    Info (12134): Parameter "width_byteena_a" = "1"
Info (12021): Found 1 design units, including 1 entities, in source file db/altsyncram_tqq1.tdf
    Info (12023): Found entity 1: altsyncram_tqq1 File: U:/EE_371/Lab6/db/altsyncram_tqq1.tdf Line: 28
Info (12128): Elaborating entity "altsyncram_tqq1" for hierarchy "note_ram120x3:user_notes_RAM|altsyncram:altsyncram_component|altsyncram_tqq1:auto_generated" File: c:/intelfpga_lite/17.0/quartus/libraries/megafunctions/altsyncram.tdf Line: 792
Warning (14284): Synthesized away the following node(s):
    Warning (14285): Synthesized away the following RAM node(s):
        Warning (14320): Synthesized away node "note_ram120x3:user_notes_RAM|altsyncram:altsyncram_component|altsyncram_tqq1:auto_generated|q_a[0]" File: U:/EE_371/Lab6/db/altsyncram_tqq1.tdf Line: 37
        Warning (14320): Synthesized away node "note_ram120x3:user_notes_RAM|altsyncram:altsyncram_component|altsyncram_tqq1:auto_generated|q_a[1]" File: U:/EE_371/Lab6/db/altsyncram_tqq1.tdf Line: 61
        Warning (14320): Synthesized away node "note_ram120x3:user_notes_RAM|altsyncram:altsyncram_component|altsyncram_tqq1:auto_generated|q_a[2]" File: U:/EE_371/Lab6/db/altsyncram_tqq1.tdf Line: 85
Warning (13034): The following nodes have both tri-state and non-tri-state drivers
    Warning (13035): Inserted always-enabled tri-state buffer between "V_GPIO[26]" and its non-tri-state driver. File: U:/EE_371/Lab6/DE1_SoC.sv Line: 11
    Warning (13035): Inserted always-enabled tri-state buffer between "V_GPIO[27]" and its non-tri-state driver. File: U:/EE_371/Lab6/DE1_SoC.sv Line: 11
Warning (13039): The following bidirectional pins have no drivers
    Warning (13040): bidirectional pin "V_GPIO[28]" has no driver File: U:/EE_371/Lab6/DE1_SoC.sv Line: 11
    Warning (13040): bidirectional pin "V_GPIO[29]" has no driver File: U:/EE_371/Lab6/DE1_SoC.sv Line: 11
    Warning (13040): bidirectional pin "V_GPIO[30]" has no driver File: U:/EE_371/Lab6/DE1_SoC.sv Line: 11
    Warning (13040): bidirectional pin "V_GPIO[10]" has no driver File: U:/EE_371/Lab6/DE1_SoC.sv Line: 11
    Warning (13040): bidirectional pin "V_GPIO[11]" has no driver File: U:/EE_371/Lab6/DE1_SoC.sv Line: 11
    Warning (13040): bidirectional pin "V_GPIO[12]" has no driver File: U:/EE_371/Lab6/DE1_SoC.sv Line: 11
    Warning (13040): bidirectional pin "FPGA_I2C_SDAT" has no driver File: U:/EE_371/Lab6/DE1_SoC.sv Line: 15
    Warning (13040): bidirectional pin "V_GPIO[0]" has no driver File: U:/EE_371/Lab6/DE1_SoC.sv Line: 11
    Warning (13040): bidirectional pin "V_GPIO[1]" has no driver File: U:/EE_371/Lab6/DE1_SoC.sv Line: 11
    Warning (13040): bidirectional pin "V_GPIO[2]" has no driver File: U:/EE_371/Lab6/DE1_SoC.sv Line: 11
    Warning (13040): bidirectional pin "V_GPIO[3]" has no driver File: U:/EE_371/Lab6/DE1_SoC.sv Line: 11
    Warning (13040): bidirectional pin "V_GPIO[4]" has no driver File: U:/EE_371/Lab6/DE1_SoC.sv Line: 11
    Warning (13040): bidirectional pin "V_GPIO[5]" has no driver File: U:/EE_371/Lab6/DE1_SoC.sv Line: 11
    Warning (13040): bidirectional pin "V_GPIO[6]" has no driver File: U:/EE_371/Lab6/DE1_SoC.sv Line: 11
    Warning (13040): bidirectional pin "V_GPIO[7]" has no driver File: U:/EE_371/Lab6/DE1_SoC.sv Line: 11
    Warning (13040): bidirectional pin "V_GPIO[8]" has no driver File: U:/EE_371/Lab6/DE1_SoC.sv Line: 11
    Warning (13040): bidirectional pin "V_GPIO[9]" has no driver File: U:/EE_371/Lab6/DE1_SoC.sv Line: 11
    Warning (13040): bidirectional pin "V_GPIO[13]" has no driver File: U:/EE_371/Lab6/DE1_SoC.sv Line: 11
    Warning (13040): bidirectional pin "V_GPIO[14]" has no driver File: U:/EE_371/Lab6/DE1_SoC.sv Line: 11
    Warning (13040): bidirectional pin "V_GPIO[15]" has no driver File: U:/EE_371/Lab6/DE1_SoC.sv Line: 11
    Warning (13040): bidirectional pin "V_GPIO[16]" has no driver File: U:/EE_371/Lab6/DE1_SoC.sv Line: 11
    Warning (13040): bidirectional pin "V_GPIO[17]" has no driver File: U:/EE_371/Lab6/DE1_SoC.sv Line: 11
    Warning (13040): bidirectional pin "V_GPIO[18]" has no driver File: U:/EE_371/Lab6/DE1_SoC.sv Line: 11
    Warning (13040): bidirectional pin "V_GPIO[19]" has no driver File: U:/EE_371/Lab6/DE1_SoC.sv Line: 11
    Warning (13040): bidirectional pin "V_GPIO[20]" has no driver File: U:/EE_371/Lab6/DE1_SoC.sv Line: 11
    Warning (13040): bidirectional pin "V_GPIO[21]" has no driver File: U:/EE_371/Lab6/DE1_SoC.sv Line: 11
    Warning (13040): bidirectional pin "V_GPIO[22]" has no driver File: U:/EE_371/Lab6/DE1_SoC.sv Line: 11
    Warning (13040): bidirectional pin "V_GPIO[23]" has no driver File: U:/EE_371/Lab6/DE1_SoC.sv Line: 11
    Warning (13040): bidirectional pin "V_GPIO[24]" has no driver File: U:/EE_371/Lab6/DE1_SoC.sv Line: 11
    Warning (13040): bidirectional pin "V_GPIO[25]" has no driver File: U:/EE_371/Lab6/DE1_SoC.sv Line: 11
    Warning (13040): bidirectional pin "V_GPIO[31]" has no driver File: U:/EE_371/Lab6/DE1_SoC.sv Line: 11
    Warning (13040): bidirectional pin "V_GPIO[32]" has no driver File: U:/EE_371/Lab6/DE1_SoC.sv Line: 11
    Warning (13040): bidirectional pin "V_GPIO[33]" has no driver File: U:/EE_371/Lab6/DE1_SoC.sv Line: 11
    Warning (13040): bidirectional pin "V_GPIO[34]" has no driver File: U:/EE_371/Lab6/DE1_SoC.sv Line: 11
    Warning (13040): bidirectional pin "V_GPIO[35]" has no driver File: U:/EE_371/Lab6/DE1_SoC.sv Line: 11
Warning (13009): TRI or OPNDRN buffers permanently enabled
    Warning (13010): Node "V_GPIO[26]~synth" File: U:/EE_371/Lab6/DE1_SoC.sv Line: 11
    Warning (13010): Node "V_GPIO[27]~synth" File: U:/EE_371/Lab6/DE1_SoC.sv Line: 11
Warning (13024): Output pins are stuck at VCC or GND
    Warning (13410): Pin "FPGA_I2C_SCLK" is stuck at GND File: U:/EE_371/Lab6/DE1_SoC.sv Line: 14
    Warning (13410): Pin "AUD_XCK" is stuck at GND File: U:/EE_371/Lab6/DE1_SoC.sv Line: 17
    Warning (13410): Pin "AUD_DACDAT" is stuck at GND File: U:/EE_371/Lab6/DE1_SoC.sv Line: 20
    Warning (13410): Pin "HEX0[0]" is stuck at GND File: U:/EE_371/Lab6/DE1_SoC.sv Line: 9
    Warning (13410): Pin "HEX0[1]" is stuck at GND File: U:/EE_371/Lab6/DE1_SoC.sv Line: 9
    Warning (13410): Pin "HEX0[2]" is stuck at GND File: U:/EE_371/Lab6/DE1_SoC.sv Line: 9
    Warning (13410): Pin "HEX0[3]" is stuck at GND File: U:/EE_371/Lab6/DE1_SoC.sv Line: 9
    Warning (13410): Pin "HEX0[4]" is stuck at GND File: U:/EE_371/Lab6/DE1_SoC.sv Line: 9
    Warning (13410): Pin "HEX0[5]" is stuck at GND File: U:/EE_371/Lab6/DE1_SoC.sv Line: 9
    Warning (13410): Pin "HEX0[6]" is stuck at GND File: U:/EE_371/Lab6/DE1_SoC.sv Line: 9
    Warning (13410): Pin "HEX1[0]" is stuck at GND File: U:/EE_371/Lab6/DE1_SoC.sv Line: 9
    Warning (13410): Pin "HEX1[1]" is stuck at GND File: U:/EE_371/Lab6/DE1_SoC.sv Line: 9
    Warning (13410): Pin "HEX1[2]" is stuck at GND File: U:/EE_371/Lab6/DE1_SoC.sv Line: 9
    Warning (13410): Pin "HEX1[3]" is stuck at GND File: U:/EE_371/Lab6/DE1_SoC.sv Line: 9
    Warning (13410): Pin "HEX1[4]" is stuck at GND File: U:/EE_371/Lab6/DE1_SoC.sv Line: 9
    Warning (13410): Pin "HEX1[5]" is stuck at GND File: U:/EE_371/Lab6/DE1_SoC.sv Line: 9
    Warning (13410): Pin "HEX1[6]" is stuck at GND File: U:/EE_371/Lab6/DE1_SoC.sv Line: 9
    Warning (13410): Pin "HEX2[0]" is stuck at GND File: U:/EE_371/Lab6/DE1_SoC.sv Line: 9
    Warning (13410): Pin "HEX2[1]" is stuck at GND File: U:/EE_371/Lab6/DE1_SoC.sv Line: 9
    Warning (13410): Pin "HEX2[2]" is stuck at GND File: U:/EE_371/Lab6/DE1_SoC.sv Line: 9
    Warning (13410): Pin "HEX2[3]" is stuck at GND File: U:/EE_371/Lab6/DE1_SoC.sv Line: 9
    Warning (13410): Pin "HEX2[4]" is stuck at GND File: U:/EE_371/Lab6/DE1_SoC.sv Line: 9
    Warning (13410): Pin "HEX2[5]" is stuck at GND File: U:/EE_371/Lab6/DE1_SoC.sv Line: 9
    Warning (13410): Pin "HEX2[6]" is stuck at GND File: U:/EE_371/Lab6/DE1_SoC.sv Line: 9
    Warning (13410): Pin "HEX3[0]" is stuck at GND File: U:/EE_371/Lab6/DE1_SoC.sv Line: 9
    Warning (13410): Pin "HEX3[1]" is stuck at GND File: U:/EE_371/Lab6/DE1_SoC.sv Line: 9
    Warning (13410): Pin "HEX3[2]" is stuck at GND File: U:/EE_371/Lab6/DE1_SoC.sv Line: 9
    Warning (13410): Pin "HEX3[3]" is stuck at GND File: U:/EE_371/Lab6/DE1_SoC.sv Line: 9
    Warning (13410): Pin "HEX3[4]" is stuck at GND File: U:/EE_371/Lab6/DE1_SoC.sv Line: 9
    Warning (13410): Pin "HEX3[5]" is stuck at GND File: U:/EE_371/Lab6/DE1_SoC.sv Line: 9
    Warning (13410): Pin "HEX3[6]" is stuck at GND File: U:/EE_371/Lab6/DE1_SoC.sv Line: 9
    Warning (13410): Pin "HEX4[0]" is stuck at GND File: U:/EE_371/Lab6/DE1_SoC.sv Line: 9
    Warning (13410): Pin "HEX4[1]" is stuck at GND File: U:/EE_371/Lab6/DE1_SoC.sv Line: 9
    Warning (13410): Pin "HEX4[2]" is stuck at GND File: U:/EE_371/Lab6/DE1_SoC.sv Line: 9
    Warning (13410): Pin "HEX4[3]" is stuck at GND File: U:/EE_371/Lab6/DE1_SoC.sv Line: 9
    Warning (13410): Pin "HEX4[4]" is stuck at GND File: U:/EE_371/Lab6/DE1_SoC.sv Line: 9
    Warning (13410): Pin "HEX4[5]" is stuck at GND File: U:/EE_371/Lab6/DE1_SoC.sv Line: 9
    Warning (13410): Pin "HEX4[6]" is stuck at GND File: U:/EE_371/Lab6/DE1_SoC.sv Line: 9
    Warning (13410): Pin "HEX5[0]" is stuck at GND File: U:/EE_371/Lab6/DE1_SoC.sv Line: 9
    Warning (13410): Pin "HEX5[1]" is stuck at GND File: U:/EE_371/Lab6/DE1_SoC.sv Line: 9
    Warning (13410): Pin "HEX5[2]" is stuck at GND File: U:/EE_371/Lab6/DE1_SoC.sv Line: 9
    Warning (13410): Pin "HEX5[3]" is stuck at GND File: U:/EE_371/Lab6/DE1_SoC.sv Line: 9
    Warning (13410): Pin "HEX5[4]" is stuck at GND File: U:/EE_371/Lab6/DE1_SoC.sv Line: 9
    Warning (13410): Pin "HEX5[5]" is stuck at GND File: U:/EE_371/Lab6/DE1_SoC.sv Line: 9
    Warning (13410): Pin "HEX5[6]" is stuck at GND File: U:/EE_371/Lab6/DE1_SoC.sv Line: 9
    Warning (13410): Pin "LEDR[8]" is stuck at GND File: U:/EE_371/Lab6/DE1_SoC.sv Line: 10
    Warning (13410): Pin "LEDR[9]" is stuck at GND File: U:/EE_371/Lab6/DE1_SoC.sv Line: 10
Info (286030): Timing-Driven Synthesis is running
Warning (14632): Output pin "LEDR[5]" driven by bidirectional pin "V_GPIO[10]" cannot be tri-stated File: U:/EE_371/Lab6/DE1_SoC.sv Line: 10
Warning (14632): Output pin "LEDR[6]" driven by bidirectional pin "V_GPIO[11]" cannot be tri-stated File: U:/EE_371/Lab6/DE1_SoC.sv Line: 10
Warning (14632): Output pin "LEDR[7]" driven by bidirectional pin "V_GPIO[12]" cannot be tri-stated File: U:/EE_371/Lab6/DE1_SoC.sv Line: 10
Warning (14632): Output pin "LEDR[2]" driven by bidirectional pin "V_GPIO[28]" cannot be tri-stated File: U:/EE_371/Lab6/DE1_SoC.sv Line: 10
Warning (14632): Output pin "LEDR[3]" driven by bidirectional pin "V_GPIO[29]" cannot be tri-stated File: U:/EE_371/Lab6/DE1_SoC.sv Line: 10
Warning (14632): Output pin "LEDR[4]" driven by bidirectional pin "V_GPIO[30]" cannot be tri-stated File: U:/EE_371/Lab6/DE1_SoC.sv Line: 10
Info (17049): 18 registers lost all their fanouts during netlist optimizations.
Info (16010): Generating hard_block partition "hard_block:auto_generated_inst"
    Info (16011): Adding 0 node(s), including 0 DDIO, 0 PLL, 0 transceiver and 0 LCELL
Warning (21074): Design contains 13 input pin(s) that do not drive logic
    Warning (15610): No output dependent on input pin "CLOCK2_50" File: U:/EE_371/Lab6/DE1_SoC.sv Line: 6
    Warning (15610): No output dependent on input pin "AUD_DACLRCK" File: U:/EE_371/Lab6/DE1_SoC.sv Line: 18
    Warning (15610): No output dependent on input pin "AUD_ADCLRCK" File: U:/EE_371/Lab6/DE1_SoC.sv Line: 18
    Warning (15610): No output dependent on input pin "AUD_BCLK" File: U:/EE_371/Lab6/DE1_SoC.sv Line: 18
    Warning (15610): No output dependent on input pin "AUD_ADCDAT" File: U:/EE_371/Lab6/DE1_SoC.sv Line: 19
    Warning (15610): No output dependent on input pin "test_reset" File: U:/EE_371/Lab6/DE1_SoC.sv Line: 23
    Warning (15610): No output dependent on input pin "test_A" File: U:/EE_371/Lab6/DE1_SoC.sv Line: 23
    Warning (15610): No output dependent on input pin "test_B" File: U:/EE_371/Lab6/DE1_SoC.sv Line: 23
    Warning (15610): No output dependent on input pin "test_C" File: U:/EE_371/Lab6/DE1_SoC.sv Line: 23
    Warning (15610): No output dependent on input pin "test_D" File: U:/EE_371/Lab6/DE1_SoC.sv Line: 23
    Warning (15610): No output dependent on input pin "test_E" File: U:/EE_371/Lab6/DE1_SoC.sv Line: 23
    Warning (15610): No output dependent on input pin "test_F" File: U:/EE_371/Lab6/DE1_SoC.sv Line: 23
    Warning (15610): No output dependent on input pin "test_G" File: U:/EE_371/Lab6/DE1_SoC.sv Line: 23
Info (21057): Implemented 135 device resources after synthesis - the final resource count might be different
    Info (21058): Implemented 14 input pins
    Info (21059): Implemented 55 output pins
    Info (21060): Implemented 37 bidirectional pins
    Info (21061): Implemented 29 logic cells
Info: Quartus Prime Analysis & Synthesis was successful. 0 errors, 130 warnings
    Info: Peak virtual memory: 4873 megabytes
    Info: Processing ended: Fri Jun 05 14:59:39 2026
    Info: Elapsed time: 00:00:07
    Info: Total CPU time (on all processors): 00:00:11


